<?xml version="1.0" encoding="UTF-8"?>
<testng-results skipped="0" failed="0" ignored="0" total="1" passed="1">
  <reporter-output>
  </reporter-output>
  <suite name="Default suite" duration-ms="48" started-at="2022-10-26T09:18:58 IST" finished-at="2022-10-26T09:18:58 IST">
    <groups>
    </groups>
    <test name="Default test" duration-ms="48" started-at="2022-10-26T09:18:58 IST" finished-at="2022-10-26T09:18:58 IST">
      <class name="search.TestCase">
        <test-method status="PASS" signature="testcase()[pri:0, instance:search.TestCase@29b5cd00]" name="testcase" duration-ms="8" started-at="2022-10-26T09:18:58 IST" finished-at="2022-10-26T09:18:58 IST">
          <reporter-output>
          </reporter-output>
        </test-method> <!-- testcase -->
      </class> <!-- search.TestCase -->
    </test> <!-- Default test -->
  </suite> <!-- Default suite -->
</testng-results>
